<?xml version="1.0" encoding="UTF-8"?>
<testng-results skipped="0" failed="0" ignored="0" total="1" passed="1">
  <reporter-output>
  </reporter-output>
  <suite name="Default suite" duration-ms="24956" started-at="2020-06-23T17:07:04 CDT" finished-at="2020-06-23T17:07:29 CDT">
    <groups>
    </groups>
    <test name="Default test" duration-ms="24956" started-at="2020-06-23T17:07:04 CDT" finished-at="2020-06-23T17:07:29 CDT">
      <class name="tests.AllListItemsRemoveTest">
        <test-method status="PASS" signature="allListItemCouldBeRemovedUsingTheRemoveButtonAndWhenToggleAllFunctionalityIsOn()[pri:0, instance:tests.AllListItemsRemoveTest@49fc609f]" name="allListItemCouldBeRemovedUsingTheRemoveButtonAndWhenToggleAllFunctionalityIsOn" duration-ms="24835" started-at="2020-06-23T17:07:04 CDT" finished-at="2020-06-23T17:07:29 CDT">
          <reporter-output>
          </reporter-output>
        </test-method> <!-- allListItemCouldBeRemovedUsingTheRemoveButtonAndWhenToggleAllFunctionalityIsOn -->
      </class> <!-- tests.AllListItemsRemoveTest -->
    </test> <!-- Default test -->
  </suite> <!-- Default suite -->
</testng-results>
